<?xml version="1.0" encoding="UTF-8"?>
<testng-results ignored="0" total="2" passed="2" failed="0" skipped="0">
  <reporter-output>
  </reporter-output>
  <suite started-at="2021-03-23T05:39:29 IST" name="Default suite" finished-at="2021-03-23T05:40:07 IST" duration-ms="38024">
    <groups>
    </groups>
    <test started-at="2021-03-23T05:39:29 IST" name="Default test" finished-at="2021-03-23T05:40:07 IST" duration-ms="38024">
      <class name="com.testscenarios.FBLOGIN">
        <test-method is-config="true" signature="beforeClass(java.lang.String)[pri:0, instance:com.testscenarios.FBLOGIN@2b48a640]" started-at="2021-03-23T05:39:29 IST" name="beforeClass" finished-at="2021-03-23T05:39:34 IST" duration-ms="4910" status="PASS">
          <params>
            <param index="0">
              <value>
                <![CDATA[chrome]]>
              </value>
            </param>
          </params>
          <reporter-output>
          </reporter-output>
        </test-method> <!-- beforeClass -->
        <test-method signature="fblogin()[pri:0, instance:com.testscenarios.FBLOGIN@2b48a640]" started-at="2021-03-23T05:39:34 IST" name="fblogin" finished-at="2021-03-23T05:39:47 IST" duration-ms="12584" status="PASS">
          <reporter-output>
          </reporter-output>
        </test-method> <!-- fblogin -->
        <test-method is-config="true" signature="afterMethod()[pri:0, instance:com.testscenarios.FBLOGIN@2b48a640]" started-at="2021-03-23T05:39:47 IST" name="afterMethod" finished-at="2021-03-23T05:39:52 IST" duration-ms="5481" status="PASS">
          <reporter-output>
          </reporter-output>
        </test-method> <!-- afterMethod -->
        <test-method signature="f()[pri:0, instance:com.testscenarios.FBLOGIN@2b48a640]" started-at="2021-03-23T05:39:52 IST" name="f" finished-at="2021-03-23T05:40:01 IST" duration-ms="8958" status="PASS">
          <reporter-output>
          </reporter-output>
        </test-method> <!-- f -->
        <test-method is-config="true" signature="afterMethod()[pri:0, instance:com.testscenarios.FBLOGIN@2b48a640]" started-at="2021-03-23T05:40:01 IST" name="afterMethod" finished-at="2021-03-23T05:40:07 IST" duration-ms="5482" status="PASS">
          <reporter-output>
          </reporter-output>
        </test-method> <!-- afterMethod -->
        <test-method is-config="true" signature="afterClass()[pri:0, instance:com.testscenarios.FBLOGIN@2b48a640]" started-at="2021-03-23T05:40:07 IST" name="afterClass" finished-at="2021-03-23T05:40:07 IST" duration-ms="520" status="PASS">
          <reporter-output>
          </reporter-output>
        </test-method> <!-- afterClass -->
      </class> <!-- com.testscenarios.FBLOGIN -->
    </test> <!-- Default test -->
  </suite> <!-- Default suite -->
</testng-results>
